table_name	rows_cnt
hub_client	9149
table_name	rows_cnt
hub_order	120378
table_name	rows_cnt
hub_product	7195
table_name	rows_cnt
hub_merchant	2
table_name	rows_cnt
link_client_order	120378
table_name	rows_cnt
link_order_product	128968
table_name	rows_cnt
link_product_merchant	7195
table_name	rows_cnt
sat_client	9149
table_name	rows_cnt
sat_order	120378
table_name	rows_cnt
sat_product	7195
table_name	rows_cnt
sat_merchant	2
table_name	rows_cnt
sat_order_product	128968

real	0m4.831s
user	0m0.030s
sys	0m0.012s
